<?xml version="1.0" encoding="UTF-8"?>
<testsuite xmlns:xsi="http://www.w3.org/2001/XMLSchema-instance" xsi:noNamespaceSchemaLocation="https://maven.apache.org/surefire/maven-surefire-plugin/xsd/surefire-test-report-3.0.xsd" version="3.0" name="com.fantacalcio.controller.AuthControllerTest" time="8.955" tests="2" errors="0" skipped="0" failures="0">
  <properties>
[...]
</properties>
  <testcase name="testLoginUser" classname="com.fantacalcio.controller.AuthControllerTest" time="1.675">
    <system-out><![CDATA[13:24:50.262 [main] INFO org.springframework.test.context.support.AnnotationConfigContextLoaderUtils -- Could not detect default configuration classes for test class [com.fantacalcio.controller.AuthControllerTest]: AuthControllerTest does not declare any static, non-private, non-final, nested classes annotated with @Configuration.
13:24:50.422 [main] INFO org.springframework.boot.test.context.SpringBootTestContextBootstrapper -- Found @SpringBootConfiguration com.fantacalcio.FantacalcioApplication for test class com.fantacalcio.controller.AuthControllerTest

  .   ____          _            __ _ _
 /\\ / ___'_ __ _ _(_)_ __  __ _ \ \ \ \
( ( )\___ | '_ | '_| | '_ \/ _` | \ \ \ \
 \\/  ___)| |_)| | | | | || (_| |  ) ) ) )
  '  |____| .__|_| |_|_| |_\__, | / / / /
 =========|_|==============|___/=/_/_/_/
 :: Spring Boot ::                (v3.1.5)

2025-07-24T13:24:51.131Z  INFO 10139 --- [           main] c.f.controller.AuthControllerTest        : Starting AuthControllerTest using Java 21.0.7 with PID 10139 (started by jules in /app)
2025-07-24T13:24:51.133Z  INFO 10139 --- [           main] c.f.controller.AuthControllerTest        : No active profile set, falling back to 1 default profile: "default"
2025-07-24T13:24:52.287Z  INFO 10139 --- [           main] .s.d.r.c.RepositoryConfigurationDelegate : Bootstrapping Spring Data JPA repositories in DEFAULT mode.
2025-07-24T13:24:52.462Z  INFO 10139 --- [           main] .s.d.r.c.RepositoryConfigurationDelegate : Finished Spring Data repository scanning in 161 ms. Found 6 JPA repository interfaces.
2025-07-24T13:24:53.036Z  INFO 10139 --- [           main] com.zaxxer.hikari.HikariDataSource       : HikariPool-1 - Starting...
2025-07-24T13:24:53.372Z  INFO 10139 --- [           main] com.zaxxer.hikari.pool.HikariPool        : HikariPool-1 - Added connection conn0: url=jdbc:h2:mem:testdb user=SA
2025-07-24T13:24:53.375Z  INFO 10139 --- [           main] com.zaxxer.hikari.HikariDataSource       : HikariPool-1 - Start completed.
2025-07-24T13:24:53.675Z  INFO 10139 --- [           main] o.hibernate.jpa.internal.util.LogHelper  : HHH000204: Processing PersistenceUnitInfo [name: default]
2025-07-24T13:24:53.752Z  INFO 10139 --- [           main] org.hibernate.Version                    : HHH000412: Hibernate ORM core version 6.2.13.Final
2025-07-24T13:24:53.764Z  INFO 10139 --- [           main] org.hibernate.cfg.Environment            : HHH000406: Using bytecode reflection optimizer
2025-07-24T13:24:54.136Z  INFO 10139 --- [           main] o.s.o.j.p.SpringPersistenceUnitInfo      : No LoadTimeWeaver setup: ignoring JPA class transformer
2025-07-24T13:24:54.192Z  WARN 10139 --- [           main] org.hibernate.orm.deprecation            : HHH90000025: H2Dialect does not need to be specified explicitly using 'hibernate.dialect' (remove the property setting and it will be selected by default)
2025-07-24T13:24:55.254Z  INFO 10139 --- [           main] o.h.e.t.j.p.i.JtaPlatformInitiator       : HHH000489: No JTA platform available (set 'hibernate.transaction.jta.platform' to enable JTA platform integration)
2025-07-24T13:24:55.309Z  INFO 10139 --- [           main] j.LocalContainerEntityManagerFactoryBean : Initialized JPA EntityManagerFactory for persistence unit 'default'
2025-07-24T13:24:56.179Z  WARN 10139 --- [           main] JpaBaseConfiguration$JpaWebConfiguration : spring.jpa.open-in-view is enabled by default. Therefore, database queries may be performed during view rendering. Explicitly configure spring.jpa.open-in-view to disable this warning
2025-07-24T13:24:56.310Z  INFO 10139 --- [           main] o.s.s.web.DefaultSecurityFilterChain     : Will secure any request with [org.springframework.security.web.session.DisableEncodeUrlFilter@3d2ff73a, org.springframework.security.web.context.request.async.WebAsyncManagerIntegrationFilter@736a8aea, org.springframework.security.web.context.SecurityContextHolderFilter@506e382b, org.springframework.security.web.header.HeaderWriterFilter@16a15261, org.springframework.security.web.authentication.logout.LogoutFilter@112b3298, com.fantacalcio.security.JwtRequestFilter@7c59cf66, org.springframework.security.web.savedrequest.RequestCacheAwareFilter@170f0fd6, org.springframework.security.web.servletapi.SecurityContextHolderAwareRequestFilter@6eb332d1, org.springframework.security.web.authentication.AnonymousAuthenticationFilter@504b4a97, org.springframework.security.web.session.SessionManagementFilter@5afa0b1a, org.springframework.security.web.access.ExceptionTranslationFilter@5b160208, org.springframework.security.web.access.intercept.AuthorizationFilter@5003c114]
2025-07-24T13:24:57.064Z  INFO 10139 --- [           main] o.s.b.t.m.w.SpringBootMockServletContext : Initializing Spring TestDispatcherServlet ''
2025-07-24T13:24:57.065Z  INFO 10139 --- [           main] o.s.t.web.servlet.TestDispatcherServlet  : Initializing Servlet ''
2025-07-24T13:24:57.068Z  INFO 10139 --- [           main] o.s.t.web.servlet.TestDispatcherServlet  : Completed initialization in 2 ms
2025-07-24T13:24:57.093Z  INFO 10139 --- [           main] c.f.controller.AuthControllerTest        : Started AuthControllerTest in 6.467 seconds (process running for 8.175)
]]></system-out>
    <system-err><![CDATA[WARNING: A Java agent has been loaded dynamically (/home/jules/.m2/repository/net/bytebuddy/byte-buddy-agent/1.14.9/byte-buddy-agent-1.14.9.jar)
WARNING: If a serviceability tool is in use, please run with -XX:+EnableDynamicAgentLoading to hide this warning
WARNING: If a serviceability tool is not in use, please run with -Djdk.instrument.traceUsage for more information
WARNING: Dynamic loading of agents will be disallowed by default in a future release
]]></system-err>
  </testcase>
  <testcase name="testRegisterUser" classname="com.fantacalcio.controller.AuthControllerTest" time="0.136"/>
</testsuite>